2023/04/28 19:22:14 [notice] 1#1: using the "epoll" event method
2023/04/28 19:22:14 [notice] 1#1: nginx/1.21.6
2023/04/28 19:22:14 [notice] 1#1: built by gcc 10.3.1 20211027 (Alpine 10.3.1_git20211027) 
2023/04/28 19:22:14 [notice] 1#1: OS: Linux 5.19.0-41-generic
2023/04/28 19:22:14 [notice] 1#1: getrlimit(RLIMIT_NOFILE): 1024:524288
2023/04/28 19:22:14 [notice] 1#1: start worker processes
2023/04/28 19:22:14 [notice] 1#1: start worker process 31
2023/04/28 19:22:14 [notice] 1#1: start worker process 32
2023/04/28 19:22:14 [notice] 1#1: start worker process 33
2023/04/28 19:22:14 [notice] 1#1: start worker process 34
2023/04/28 19:22:14 [notice] 1#1: start worker process 35
2023/04/28 19:22:14 [notice] 1#1: start worker process 36
2023/04/28 19:22:14 [notice] 1#1: start worker process 37
2023/04/28 19:22:14 [notice] 1#1: start worker process 38
2023/04/29 13:01:35 [notice] 1#1: signal 3 (SIGQUIT) received, shutting down
2023/04/29 13:01:35 [notice] 31#31: gracefully shutting down
2023/04/29 13:01:35 [notice] 34#34: gracefully shutting down
2023/04/29 13:01:35 [notice] 33#33: gracefully shutting down
2023/04/29 13:01:35 [notice] 32#32: gracefully shutting down
2023/04/29 13:01:35 [notice] 36#36: gracefully shutting down
2023/04/29 13:01:35 [notice] 37#37: gracefully shutting down
2023/04/29 13:01:35 [notice] 31#31: exiting
2023/04/29 13:01:35 [notice] 34#34: exiting
2023/04/29 13:01:35 [notice] 38#38: gracefully shutting down
2023/04/29 13:01:35 [notice] 33#33: exiting
2023/04/29 13:01:35 [notice] 32#32: exiting
2023/04/29 13:01:35 [notice] 36#36: exiting
2023/04/29 13:01:35 [notice] 37#37: exiting
2023/04/29 13:01:35 [notice] 38#38: exiting
2023/04/29 13:01:35 [notice] 31#31: exit
2023/04/29 13:01:35 [notice] 37#37: exit
2023/04/29 13:01:35 [notice] 34#34: exit
2023/04/29 13:01:35 [notice] 33#33: exit
2023/04/29 13:01:35 [notice] 36#36: exit
2023/04/29 13:01:35 [notice] 32#32: exit
2023/04/29 13:01:35 [notice] 38#38: exit
2023/04/29 13:01:35 [notice] 35#35: gracefully shutting down
2023/04/29 13:01:35 [notice] 35#35: exiting
2023/04/29 13:01:35 [notice] 35#35: exit
2023/04/29 13:01:35 [notice] 1#1: signal 17 (SIGCHLD) received from 35
2023/04/29 13:01:35 [notice] 1#1: worker process 34 exited with code 0
2023/04/29 13:01:35 [notice] 1#1: worker process 35 exited with code 0
2023/04/29 13:01:35 [notice] 1#1: signal 29 (SIGIO) received
2023/04/29 13:01:35 [notice] 1#1: signal 17 (SIGCHLD) received from 34
2023/04/29 13:01:35 [notice] 1#1: signal 17 (SIGCHLD) received from 33
2023/04/29 13:01:35 [notice] 1#1: worker process 32 exited with code 0
2023/04/29 13:01:35 [notice] 1#1: worker process 31 exited with code 0
2023/04/29 13:01:35 [notice] 1#1: worker process 33 exited with code 0
2023/04/29 13:01:35 [notice] 1#1: worker process 36 exited with code 0
2023/04/29 13:01:35 [notice] 1#1: worker process 37 exited with code 0
2023/04/29 13:01:35 [notice] 1#1: worker process 38 exited with code 0
2023/04/29 13:01:35 [notice] 1#1: exit
2023/04/29 13:01:53 [notice] 1#1: using the "epoll" event method
2023/04/29 13:01:53 [notice] 1#1: nginx/1.21.6
2023/04/29 13:01:53 [notice] 1#1: built by gcc 10.3.1 20211027 (Alpine 10.3.1_git20211027) 
2023/04/29 13:01:53 [notice] 1#1: OS: Linux 5.19.0-41-generic
2023/04/29 13:01:53 [notice] 1#1: getrlimit(RLIMIT_NOFILE): 1024:524288
2023/04/29 13:01:53 [notice] 1#1: start worker processes
2023/04/29 13:01:53 [notice] 1#1: start worker process 31
2023/04/29 13:01:53 [notice] 1#1: start worker process 32
2023/04/29 13:01:53 [notice] 1#1: start worker process 33
2023/04/29 13:01:53 [notice] 1#1: start worker process 34
2023/04/29 13:01:53 [notice] 1#1: start worker process 35
2023/04/29 13:01:53 [notice] 1#1: start worker process 36
2023/04/29 13:01:53 [notice] 1#1: start worker process 37
2023/04/29 13:01:53 [notice] 1#1: start worker process 38
